<?xml version="1.0" encoding="UTF-8"?>
<!-- Generated by org.testng.reporters.JUnitXMLReporter -->
<testsuite hostname="LAPTOP-D2GVCL39" ignored="0" name="Default test" tests="6" failures="0" timestamp="2022-02-28T21:51:58 IST" time="47.519" errors="0">
  <testcase name="verifyUserCanNavigateToWebTablePage" time="0.365" classname="KTCTC.regression.WebTablesTest2"/>
  <testcase name="verifyNewUserCanBeAddedOnWebTablePage" time="2.319" classname="KTCTC.regression.WebTablesTest2"/>
  <testcase name="verifyAllDetailsOfNewlyAddedUser" time="0.508" classname="KTCTC.regression.WebTablesTest2"/>
  <testcase name="verifyExistingUserCanBeEdited" time="2.155" classname="KTCTC.regression.WebTablesTest2"/>
  <testcase name="verifyAllDetailsOfEditedUser" time="0.52" classname="KTCTC.regression.WebTablesTest2"/>
  <testcase name="verifyExistringUserCanBeDeleted" time="10.891" classname="KTCTC.regression.WebTablesTest2"/>
</testsuite> <!-- Default test -->
