<?xml version="1.0" encoding="UTF-8"?>
<!-- Generated by org.testng.reporters.JUnitXMLReporter -->
<testsuite hostname="LAPTOP-D2GVCL39" ignored="0" name="Default test" tests="6" failures="0" timestamp="2021-05-02T20:57:08 IST" time="23.732" errors="0">
  <testcase name="verfiyNavigationToWebTablePageAndInitialiseData" time="0.381" classname="KTCTC.regression.WebTablesTest"/>
  <testcase name="verifyNewUserCanBeAddedOnWebTablePage" time="2.111" classname="KTCTC.regression.WebTablesTest"/>
  <testcase name="verifyAllDetailsOfAddedUser" time="0.482" classname="KTCTC.regression.WebTablesTest"/>
  <testcase name="verifyExistingUserDetailsCanBeEditedOnWebTablePage" time="1.947" classname="KTCTC.regression.WebTablesTest"/>
  <testcase name="verifyAllDetailsOfEditedUser" time="0.453" classname="KTCTC.regression.WebTablesTest"/>
  <testcase name="verifyExistingUserCanBeDeletedOnWebTablePage" time="10.634" classname="KTCTC.regression.WebTablesTest"/>
</testsuite> <!-- Default test -->
