<?xml version="1.0" encoding="UTF-8"?>
<!-- Generated by org.testng.reporters.JUnitXMLReporter -->
<testsuite hostname="LAPTOP-D2GVCL39" ignored="4" name="Test" tests="4" failures="0" timestamp="2020-10-01T21:34:01 IST" time="0.054" errors="0">
  <testcase name="Method1FromA" time="0.005" classname="selnium.MyFirstMavenProject.A"/>
  <testcase name="Method1FromB" time="0.006" classname="selnium.MyFirstMavenProject.B"/>
  <testcase name="Method2FromA" time="0.004" classname="selnium.MyFirstMavenProject.A"/>
  <testcase name="Method2FromB" time="0.004" classname="selnium.MyFirstMavenProject.B"/>
  <testcase name="@AfterSuite afterSuiteAnnotation" time="0.0" classname="selnium.MyFirstMavenProject.BaseClass">
    <ignored/>
  </testcase> <!-- @AfterSuite afterSuiteAnnotation -->
  <testcase name="@BeforeSuite beforeSuiteAnnotation" time="0.0" classname="selnium.MyFirstMavenProject.BaseClass">
    <ignored/>
  </testcase> <!-- @BeforeSuite beforeSuiteAnnotation -->
  <testcase name="@BeforeTest beforeTestAnnotation" time="0.0" classname="selnium.MyFirstMavenProject.BaseClass">
    <ignored/>
  </testcase> <!-- @BeforeTest beforeTestAnnotation -->
  <testcase name="@AfterTest afterTestAnnotation" time="0.0" classname="selnium.MyFirstMavenProject.BaseClass">
    <ignored/>
  </testcase> <!-- @AfterTest afterTestAnnotation -->
</testsuite> <!-- Test -->
