<?xml version="1.0" encoding="UTF-8"?>
<!-- Generated by org.testng.reporters.JUnitXMLReporter -->
<testsuite hostname="LAPTOP-D2GVCL39" ignored="4" name="Test" tests="10" failures="2" timestamp="2022-02-27T18:34:54 IST" time="87.67" errors="0">
  <testcase name="simpleFromB" time="0.009" classname="KTCTC.BTest">
    <failure type="java.lang.AssertionError" message="expected [true] but found [false]">
      <![CDATA[java.lang.AssertionError: expected [true] but found [false]
at KTCTC.BTest.simpleFromB(BTest.java:26)
at java.util.ArrayList.forEach(Unknown Source)
... Removed 31 stack frames]]>
    </failure>
  </testcase> <!-- simpleFromB -->
  <testcase name="simpleFromBB" time="0.001" classname="KTCTC.BTest"/>
  <testcase name="simple" time="0.008" classname="KTCTC.ATest">
    <failure type="java.lang.AssertionError" message="expected [true] but found [false]">
      <![CDATA[java.lang.AssertionError: expected [true] but found [false]
at KTCTC.ATest.simple(ATest.java:29)
at java.util.ArrayList.forEach(Unknown Source)
... Removed 31 stack frames]]>
    </failure>
  </testcase> <!-- simple -->
  <testcase name="simple1" time="0.002" classname="KTCTC.ATest"/>
  <testcase name="verfiyNavigationToWebTablePageAndInitialiseData" time="0.268" classname="KTCTC.regression.WebTablesTest"/>
  <testcase name="verifyNewUserCanBeAddedOnWebTablePage" time="1.547" classname="KTCTC.regression.WebTablesTest"/>
  <testcase name="verifyAllDetailsOfAddedUser" time="0.562" classname="KTCTC.regression.WebTablesTest"/>
  <testcase name="verifyExistingUserDetailsCanBeEditedOnWebTablePage" time="1.586" classname="KTCTC.regression.WebTablesTest"/>
  <testcase name="verifyAllDetailsOfEditedUser" time="0.42" classname="KTCTC.regression.WebTablesTest"/>
  <testcase name="verifyExistingUserCanBeDeletedOnWebTablePage" time="10.529" classname="KTCTC.regression.WebTablesTest"/>
  <testcase name="@BeforeSuite beforeSuite" time="0.0" classname="com.uiFramework.KTCTC.testbase.TestBase">
    <ignored/>
  </testcase> <!-- @BeforeSuite beforeSuite -->
  <testcase name="@BeforeSuite beforeSuite" time="0.0" classname="com.uiFramework.KTCTC.testbase.TestBase">
    <ignored/>
  </testcase> <!-- @BeforeSuite beforeSuite -->
  <testcase name="@AfterSuite afterSuiteMethod" time="0.0" classname="com.uiFramework.KTCTC.testbase.TestBase">
    <ignored/>
  </testcase> <!-- @AfterSuite afterSuiteMethod -->
  <testcase name="@AfterSuite afterSuiteMethod" time="0.0" classname="com.uiFramework.KTCTC.testbase.TestBase">
    <ignored/>
  </testcase> <!-- @AfterSuite afterSuiteMethod -->
</testsuite> <!-- Test -->
