<?xml version="1.0" encoding="UTF-8"?>
<testng-results skipped="0" failed="0" ignored="0" total="6" passed="6">
  <reporter-output>
  </reporter-output>
  <suite name="Default suite" duration-ms="23732" started-at="2021-05-02T20:56:44 IST" finished-at="2021-05-02T20:57:08 IST">
    <groups>
    </groups>
    <test name="Default test" duration-ms="23732" started-at="2021-05-02T20:56:44 IST" finished-at="2021-05-02T20:57:08 IST">
      <class name="KTCTC.regression.WebTablesTest">
        <test-method status="PASS" signature="beforeSuite()[pri:0, instance:KTCTC.regression.WebTablesTest@462d5aee]" name="beforeSuite" is-config="true" duration-ms="102" started-at="2021-05-02T20:56:44 IST" finished-at="2021-05-02T20:56:44 IST">
          <reporter-output>
          </reporter-output>
        </test-method> <!-- beforeSuite -->
        <test-method status="PASS" signature="beforeClassOfA()[pri:0, instance:KTCTC.regression.WebTablesTest@462d5aee]" name="beforeClassOfA" is-config="true" duration-ms="6762" started-at="2021-05-02T20:56:44 IST" finished-at="2021-05-02T20:56:51 IST">
          <reporter-output>
          </reporter-output>
        </test-method> <!-- beforeClassOfA -->
        <test-method status="PASS" signature="beforeMethod(java.lang.reflect.Method)[pri:0, instance:KTCTC.regression.WebTablesTest@462d5aee]" name="beforeMethod" is-config="true" duration-ms="15" started-at="2021-05-02T20:56:51 IST" finished-at="2021-05-02T20:56:51 IST">
          <params>
            <param index="0">
              <value>
                <![CDATA[public void KTCTC.regression.WebTablesTest.verfiyNavigationToWebTablePageAndInitialiseData()]]>
              </value>
            </param>
          </params>
          <reporter-output>
          </reporter-output>
        </test-method> <!-- beforeMethod -->
        <test-method status="PASS" signature="verfiyNavigationToWebTablePageAndInitialiseData()[pri:0, instance:KTCTC.regression.WebTablesTest@462d5aee]" name="verfiyNavigationToWebTablePageAndInitialiseData" duration-ms="381" started-at="2021-05-02T20:56:51 IST" finished-at="2021-05-02T20:56:51 IST">
          <reporter-output>
          </reporter-output>
        </test-method> <!-- verfiyNavigationToWebTablePageAndInitialiseData -->
        <test-method status="PASS" signature="afterMethod(org.testng.ITestResult)[pri:0, instance:KTCTC.regression.WebTablesTest@462d5aee]" name="afterMethod" is-config="true" duration-ms="1" started-at="2021-05-02T20:56:51 IST" finished-at="2021-05-02T20:56:51 IST">
          <params>
            <param index="0">
              <value>
                <![CDATA[[TestResult name=verfiyNavigationToWebTablePageAndInitialiseData status=SUCCESS method=WebTablesTest.verfiyNavigationToWebTablePageAndInitialiseData()[pri:0, instance:KTCTC.regression.WebTablesTest@462d5aee] output={null}]]]>
              </value>
            </param>
          </params>
          <reporter-output>
          </reporter-output>
        </test-method> <!-- afterMethod -->
        <test-method status="PASS" signature="beforeMethod(java.lang.reflect.Method)[pri:0, instance:KTCTC.regression.WebTablesTest@462d5aee]" name="beforeMethod" is-config="true" duration-ms="1" started-at="2021-05-02T20:56:51 IST" finished-at="2021-05-02T20:56:51 IST">
          <params>
            <param index="0">
              <value>
                <![CDATA[public void KTCTC.regression.WebTablesTest.verifyNewUserCanBeAddedOnWebTablePage()]]>
              </value>
            </param>
          </params>
          <reporter-output>
          </reporter-output>
        </test-method> <!-- beforeMethod -->
        <test-method status="PASS" signature="verifyNewUserCanBeAddedOnWebTablePage()[pri:1, instance:KTCTC.regression.WebTablesTest@462d5aee]" name="verifyNewUserCanBeAddedOnWebTablePage" duration-ms="2111" started-at="2021-05-02T20:56:51 IST" finished-at="2021-05-02T20:56:53 IST">
          <reporter-output>
          </reporter-output>
        </test-method> <!-- verifyNewUserCanBeAddedOnWebTablePage -->
        <test-method status="PASS" signature="afterMethod(org.testng.ITestResult)[pri:0, instance:KTCTC.regression.WebTablesTest@462d5aee]" name="afterMethod" is-config="true" duration-ms="1" started-at="2021-05-02T20:56:53 IST" finished-at="2021-05-02T20:56:53 IST">
          <params>
            <param index="0">
              <value>
                <![CDATA[[TestResult name=verifyNewUserCanBeAddedOnWebTablePage status=SUCCESS method=WebTablesTest.verifyNewUserCanBeAddedOnWebTablePage()[pri:1, instance:KTCTC.regression.WebTablesTest@462d5aee] output={null}]]]>
              </value>
            </param>
          </params>
          <reporter-output>
          </reporter-output>
        </test-method> <!-- afterMethod -->
        <test-method status="PASS" signature="beforeMethod(java.lang.reflect.Method)[pri:0, instance:KTCTC.regression.WebTablesTest@462d5aee]" name="beforeMethod" is-config="true" duration-ms="3" started-at="2021-05-02T20:56:53 IST" finished-at="2021-05-02T20:56:53 IST">
          <params>
            <param index="0">
              <value>
                <![CDATA[public void KTCTC.regression.WebTablesTest.verifyAllDetailsOfAddedUser()]]>
              </value>
            </param>
          </params>
          <reporter-output>
          </reporter-output>
        </test-method> <!-- beforeMethod -->
        <test-method status="PASS" signature="verifyAllDetailsOfAddedUser()[pri:2, instance:KTCTC.regression.WebTablesTest@462d5aee]" name="verifyAllDetailsOfAddedUser" duration-ms="482" started-at="2021-05-02T20:56:53 IST" finished-at="2021-05-02T20:56:54 IST">
          <reporter-output>
          </reporter-output>
        </test-method> <!-- verifyAllDetailsOfAddedUser -->
        <test-method status="PASS" signature="afterMethod(org.testng.ITestResult)[pri:0, instance:KTCTC.regression.WebTablesTest@462d5aee]" name="afterMethod" is-config="true" duration-ms="1" started-at="2021-05-02T20:56:54 IST" finished-at="2021-05-02T20:56:54 IST">
          <params>
            <param index="0">
              <value>
                <![CDATA[[TestResult name=verifyAllDetailsOfAddedUser status=SUCCESS method=WebTablesTest.verifyAllDetailsOfAddedUser()[pri:2, instance:KTCTC.regression.WebTablesTest@462d5aee] output={null}]]]>
              </value>
            </param>
          </params>
          <reporter-output>
          </reporter-output>
        </test-method> <!-- afterMethod -->
        <test-method status="PASS" signature="beforeMethod(java.lang.reflect.Method)[pri:0, instance:KTCTC.regression.WebTablesTest@462d5aee]" name="beforeMethod" is-config="true" duration-ms="1" started-at="2021-05-02T20:56:54 IST" finished-at="2021-05-02T20:56:54 IST">
          <params>
            <param index="0">
              <value>
                <![CDATA[public void KTCTC.regression.WebTablesTest.verifyExistingUserDetailsCanBeEditedOnWebTablePage()]]>
              </value>
            </param>
          </params>
          <reporter-output>
          </reporter-output>
        </test-method> <!-- beforeMethod -->
        <test-method status="PASS" signature="verifyExistingUserDetailsCanBeEditedOnWebTablePage()[pri:3, instance:KTCTC.regression.WebTablesTest@462d5aee]" name="verifyExistingUserDetailsCanBeEditedOnWebTablePage" duration-ms="1947" started-at="2021-05-02T20:56:54 IST" finished-at="2021-05-02T20:56:56 IST">
          <reporter-output>
          </reporter-output>
        </test-method> <!-- verifyExistingUserDetailsCanBeEditedOnWebTablePage -->
        <test-method status="PASS" signature="afterMethod(org.testng.ITestResult)[pri:0, instance:KTCTC.regression.WebTablesTest@462d5aee]" name="afterMethod" is-config="true" duration-ms="2" started-at="2021-05-02T20:56:56 IST" finished-at="2021-05-02T20:56:56 IST">
          <params>
            <param index="0">
              <value>
                <![CDATA[[TestResult name=verifyExistingUserDetailsCanBeEditedOnWebTablePage status=SUCCESS method=WebTablesTest.verifyExistingUserDetailsCanBeEditedOnWebTablePage()[pri:3, instance:KTCTC.regression.WebTablesTest@462d5aee] output={null}]]]>
              </value>
            </param>
          </params>
          <reporter-output>
          </reporter-output>
        </test-method> <!-- afterMethod -->
        <test-method status="PASS" signature="beforeMethod(java.lang.reflect.Method)[pri:0, instance:KTCTC.regression.WebTablesTest@462d5aee]" name="beforeMethod" is-config="true" duration-ms="1" started-at="2021-05-02T20:56:56 IST" finished-at="2021-05-02T20:56:56 IST">
          <params>
            <param index="0">
              <value>
                <![CDATA[public void KTCTC.regression.WebTablesTest.verifyAllDetailsOfEditedUser()]]>
              </value>
            </param>
          </params>
          <reporter-output>
          </reporter-output>
        </test-method> <!-- beforeMethod -->
        <test-method status="PASS" signature="verifyAllDetailsOfEditedUser()[pri:4, instance:KTCTC.regression.WebTablesTest@462d5aee]" name="verifyAllDetailsOfEditedUser" duration-ms="453" started-at="2021-05-02T20:56:56 IST" finished-at="2021-05-02T20:56:56 IST">
          <reporter-output>
          </reporter-output>
        </test-method> <!-- verifyAllDetailsOfEditedUser -->
        <test-method status="PASS" signature="afterMethod(org.testng.ITestResult)[pri:0, instance:KTCTC.regression.WebTablesTest@462d5aee]" name="afterMethod" is-config="true" duration-ms="2" started-at="2021-05-02T20:56:56 IST" finished-at="2021-05-02T20:56:56 IST">
          <params>
            <param index="0">
              <value>
                <![CDATA[[TestResult name=verifyAllDetailsOfEditedUser status=SUCCESS method=WebTablesTest.verifyAllDetailsOfEditedUser()[pri:4, instance:KTCTC.regression.WebTablesTest@462d5aee] output={null}]]]>
              </value>
            </param>
          </params>
          <reporter-output>
          </reporter-output>
        </test-method> <!-- afterMethod -->
        <test-method status="PASS" signature="beforeMethod(java.lang.reflect.Method)[pri:0, instance:KTCTC.regression.WebTablesTest@462d5aee]" name="beforeMethod" is-config="true" duration-ms="1" started-at="2021-05-02T20:56:56 IST" finished-at="2021-05-02T20:56:56 IST">
          <params>
            <param index="0">
              <value>
                <![CDATA[public void KTCTC.regression.WebTablesTest.verifyExistingUserCanBeDeletedOnWebTablePage()]]>
              </value>
            </param>
          </params>
          <reporter-output>
          </reporter-output>
        </test-method> <!-- beforeMethod -->
        <test-method status="PASS" signature="verifyExistingUserCanBeDeletedOnWebTablePage()[pri:5, instance:KTCTC.regression.WebTablesTest@462d5aee]" name="verifyExistingUserCanBeDeletedOnWebTablePage" duration-ms="10634" started-at="2021-05-02T20:56:56 IST" finished-at="2021-05-02T20:57:07 IST">
          <reporter-output>
          </reporter-output>
        </test-method> <!-- verifyExistingUserCanBeDeletedOnWebTablePage -->
        <test-method status="PASS" signature="afterMethod(org.testng.ITestResult)[pri:0, instance:KTCTC.regression.WebTablesTest@462d5aee]" name="afterMethod" is-config="true" duration-ms="7" started-at="2021-05-02T20:57:07 IST" finished-at="2021-05-02T20:57:07 IST">
          <params>
            <param index="0">
              <value>
                <![CDATA[[TestResult name=verifyExistingUserCanBeDeletedOnWebTablePage status=SUCCESS method=WebTablesTest.verifyExistingUserCanBeDeletedOnWebTablePage()[pri:5, instance:KTCTC.regression.WebTablesTest@462d5aee] output={null}]]]>
              </value>
            </param>
          </params>
          <reporter-output>
          </reporter-output>
        </test-method> <!-- afterMethod -->
        <test-method status="PASS" signature="afterClass()[pri:0, instance:KTCTC.regression.WebTablesTest@462d5aee]" name="afterClass" is-config="true" duration-ms="864" started-at="2021-05-02T20:57:07 IST" finished-at="2021-05-02T20:57:08 IST">
          <reporter-output>
          </reporter-output>
        </test-method> <!-- afterClass -->
        <test-method status="PASS" signature="afterSuiteMethod()[pri:0, instance:KTCTC.regression.WebTablesTest@462d5aee]" name="afterSuiteMethod" is-config="true" duration-ms="462" started-at="2021-05-02T20:57:08 IST" finished-at="2021-05-02T20:57:08 IST">
          <reporter-output>
          </reporter-output>
        </test-method> <!-- afterSuiteMethod -->
      </class> <!-- KTCTC.regression.WebTablesTest -->
    </test> <!-- Default test -->
  </suite> <!-- Default suite -->
</testng-results>
